# JRE version: Java(TM) SE Runtime Environment 18.9 (11.0.12+8) (build 11.0.12+8-LTS-237)
# Java VM: Java HotSpot(TM) 64-Bit Server VM 18.9 (11.0.12+8-LTS-237, mixed mode, tiered, compressed oops, g1 gc, windows-amd64)
Heap:
 garbage-first heap   total 312320K, used 76945K [0x0000000702800000, 0x0000000800000000)
  region size 1024K, 61 young (62464K), 18 survivors (18432K)
 Metaspace       used 74646K, capacity 77118K, committed 77184K, reserved 1116160K
  class space    used 9454K, capacity 10422K, committed 10444K, reserved 1048576K
GC Heap History (10 events):
Event: 8.476 GC heap before
{Heap before GC invocations=6 (full 0):
 garbage-first heap   total 260096K, used 113285K [0x0000000702800000, 0x0000000800000000)
  region size 1024K, 105 young (107520K), 6 survivors (6144K)
 Metaspace       used 34795K, capacity 35758K, committed 35840K, reserved 1081344K
  class space    used 4059K, capacity 4457K, committed 4480K, reserved 1048576K
}
Event: 8.490 GC heap after
{Heap after GC invocations=7 (full 0):
 garbage-first heap   total 260096K, used 16421K [0x0000000702800000, 0x0000000800000000)
  region size 1024K, 9 young (9216K), 9 survivors (9216K)
 Metaspace       used 34795K, capacity 35758K, committed 35840K, reserved 1081344K
  class space    used 4059K, capacity 4457K, committed 4480K, reserved 1048576K
}
Event: 11.923 GC heap before
{Heap before GC invocations=8 (full 0):
 garbage-first heap   total 260096K, used 159781K [0x0000000702800000, 0x0000000800000000)
  region size 1024K, 150 young (153600K), 9 survivors (9216K)
 Metaspace       used 41308K, capacity 42502K, committed 42828K, reserved 1087488K
  class space    used 4880K, capacity 5360K, committed 5452K, reserved 1048576K
}
Event: 11.942 GC heap after
{Heap after GC invocations=9 (full 0):
 garbage-first heap   total 260096K, used 20517K [0x0000000702800000, 0x0000000800000000)
  region size 1024K, 13 young (13312K), 13 survivors (13312K)
 Metaspace       used 41308K, capacity 42502K, committed 42828K, reserved 1087488K
  class space    used 4880K, capacity 5360K, committed 5452K, reserved 1048576K
}
Event: 17.047 GC heap before
{Heap before GC invocations=9 (full 0):
 garbage-first heap   total 260096K, used 162853K [0x0000000702800000, 0x0000000800000000)
  region size 1024K, 152 young (155648K), 13 survivors (13312K)
 Metaspace       used 58298K, capacity 59954K, committed 60108K, reserved 1101824K
  class space    used 7365K, capacity 8030K, committed 8140K, reserved 1048576K
}
Event: 17.081 GC heap after
{Heap after GC invocations=10 (full 0):
 garbage-first heap   total 260096K, used 24731K [0x0000000702800000, 0x0000000800000000)
  region size 1024K, 13 young (13312K), 13 survivors (13312K)
 Metaspace       used 58298K, capacity 59954K, committed 60108K, reserved 1101824K
  class space    used 7365K, capacity 8030K, committed 8140K, reserved 1048576K
}
Event: 17.159 GC heap before
{Heap before GC invocations=10 (full 0):
 garbage-first heap   total 260096K, used 25755K [0x0000000702800000, 0x0000000800000000)
  region size 1024K, 15 young (15360K), 13 survivors (13312K)
 Metaspace       used 58524K, capacity 60131K, committed 60288K, reserved 1101824K
  class space    used 7397K, capacity 8046K, committed 8140K, reserved 1048576K
}
Event: 17.180 GC heap after
{Heap after GC invocations=11 (full 0):
 garbage-first heap   total 260096K, used 25058K [0x0000000702800000, 0x0000000800000000)
  region size 1024K, 9 young (9216K), 9 survivors (9216K)
 Metaspace       used 58524K, capacity 60131K, committed 60288K, reserved 1101824K
  class space    used 7397K, capacity 8046K, committed 8140K, reserved 1048576K
}
Event: 24.342 GC heap before
{Heap before GC invocations=12 (full 0):
 garbage-first heap   total 260096K, used 171490K [0x0000000702800000, 0x0000000800000000)
  region size 1024K, 152 young (155648K), 9 survivors (9216K)
 Metaspace       used 72575K, capacity 74951K, committed 75136K, reserved 1114112K
  class space    used 9232K, capacity 10156K, committed 10188K, reserved 1048576K
}
Event: 24.365 GC heap after
{Heap after GC invocations=13 (full 0):
 garbage-first heap   total 312320K, used 33937K [0x0000000702800000, 0x0000000800000000)
  region size 1024K, 18 young (18432K), 18 survivors (18432K)
 Metaspace       used 72575K, capacity 74951K, committed 75136K, reserved 1114112K
  class space    used 9232K, capacity 10156K, committed 10188K, reserved 1048576K
}

