# JRE version: Java(TM) SE Runtime Environment (8.0_05-b13) (build 1.8.0_05-b13)
# Java VM: Java HotSpot(TM) 64-Bit Server VM (25.5-b02 mixed mode windows-amd64 compressed oops)
Heap:
 PSYoungGen      total 135168K, used 49848K [0x00000000f5580000, 0x0000000100000000, 0x0000000100000000)
  eden space 100352K, 32% used [0x00000000f5580000,0x00000000f75b1868,0x00000000fb780000)
  from space 34816K, 48% used [0x00000000fb780000,0x00000000fc7fc808,0x00000000fd980000)
  to   space 33792K, 0% used [0x00000000fdf00000,0x00000000fdf00000,0x0000000100000000)
 ParOldGen       total 260608K, used 50221K [0x00000000e0000000, 0x00000000efe80000, 0x00000000f5580000)
  object space 260608K, 19% used [0x00000000e0000000,0x00000000e310b790,0x00000000efe80000)
 Metaspace       used 59182K, capacity 63726K, committed 63948K, reserved 1103872K
  class space    used 8432K, capacity 9177K, committed 9216K, reserved 1048576K
GC Heap History (10 events):
Event: 585.402 GC heap before
{Heap before GC invocations=38 (full 2):
 PSYoungGen      total 142848K, used 139344K [0x00000000f5580000, 0x0000000100000000, 0x0000000100000000)
  eden space 116736K, 100% used [0x00000000f5580000,0x00000000fc780000,0x00000000fc780000)
  from space 26112K, 86% used [0x00000000fc780000,0x00000000fdd94050,0x00000000fe100000)
  to   space 29184K, 0% used [0x00000000fe380000,0x00000000fe380000,0x0000000100000000)
 ParOldGen       total 260608K, used 57746K [0x00000000e0000000, 0x00000000efe80000, 0x00000000f5580000)
  object space 260608K, 22% used [0x00000000e0000000,0x00000000e38649d0,0x00000000efe80000)
 Metaspace       used 53766K, capacity 57976K, committed 58060K, reserved 1099776K
  class space    used 7780K, capacity 8439K, committed 8448K, reserved 1048576K
Event: 585.442 GC heap after
Heap after GC invocations=38 (full 2):
 PSYoungGen      total 129024K, used 29183K [0x00000000f5580000, 0x0000000100000000, 0x0000000100000000)
  eden space 99840K, 0% used [0x00000000f5580000,0x00000000f5580000,0x00000000fb700000)
  from space 29184K, 99% used [0x00000000fe380000,0x00000000ffffff08,0x0000000100000000)
  to   space 37376K, 0% used [0x00000000fb700000,0x00000000fb700000,0x00000000fdb80000)
 ParOldGen       total 260608K, used 67771K [0x00000000e0000000, 0x00000000efe80000, 0x00000000f5580000)
  object space 260608K, 26% used [0x00000000e0000000,0x00000000e422ee48,0x00000000efe80000)
 Metaspace       used 53766K, capacity 57976K, committed 58060K, reserved 1099776K
  class space    used 7780K, capacity 8439K, committed 8448K, reserved 1048576K
}
Event: 586.118 GC heap before
{Heap before GC invocations=39 (full 2):
 PSYoungGen      total 129024K, used 35939K [0x00000000f5580000, 0x0000000100000000, 0x0000000100000000)
  eden space 99840K, 6% used [0x00000000f5580000,0x00000000f5c18e10,0x00000000fb700000)
  from space 29184K, 99% used [0x00000000fe380000,0x00000000ffffff08,0x0000000100000000)
  to   space 37376K, 0% used [0x00000000fb700000,0x00000000fb700000,0x00000000fdb80000)
 ParOldGen       total 260608K, used 67771K [0x00000000e0000000, 0x00000000efe80000, 0x00000000f5580000)
  object space 260608K, 26% used [0x00000000e0000000,0x00000000e422ee48,0x00000000efe80000)
 Metaspace       used 53822K, capacity 58058K, committed 58316K, reserved 1099776K
  class space    used 7787K, capacity 8441K, committed 8448K, reserved 1048576K
Event: 586.143 GC heap after
Heap after GC invocations=39 (full 2):
 PSYoungGen      total 137216K, used 19951K [0x00000000f5580000, 0x0000000100000000, 0x0000000100000000)
  eden space 99840K, 0% used [0x00000000f5580000,0x00000000f5580000,0x00000000fb700000)
  from space 37376K, 53% used [0x00000000fb700000,0x00000000fca7beb8,0x00000000fdb80000)
  to   space 36864K, 0% used [0x00000000fdc00000,0x00000000fdc00000,0x0000000100000000)
 ParOldGen       total 260608K, used 77195K [0x00000000e0000000, 0x00000000efe80000, 0x00000000f5580000)
  object space 260608K, 29% used [0x00000000e0000000,0x00000000e4b62cd8,0x00000000efe80000)
 Metaspace       used 53822K, capacity 58058K, committed 58316K, reserved 1099776K
  class space    used 7787K, capacity 8441K, committed 8448K, reserved 1048576K
}
Event: 586.143 GC heap before
{Heap before GC invocations=40 (full 3):
 PSYoungGen      total 137216K, used 19951K [0x00000000f5580000, 0x0000000100000000, 0x0000000100000000)
  eden space 99840K, 0% used [0x00000000f5580000,0x00000000f5580000,0x00000000fb700000)
  from space 37376K, 53% used [0x00000000fb700000,0x00000000fca7beb8,0x00000000fdb80000)
  to   space 36864K, 0% used [0x00000000fdc00000,0x00000000fdc00000,0x0000000100000000)
 ParOldGen       total 260608K, used 77195K [0x00000000e0000000, 0x00000000efe80000, 0x00000000f5580000)
  object space 260608K, 29% used [0x00000000e0000000,0x00000000e4b62cd8,0x00000000efe80000)
 Metaspace       used 53822K, capacity 58058K, committed 58316K, reserved 1099776K
  class space    used 7787K, capacity 8441K, committed 8448K, reserved 1048576K
Event: 586.596 GC heap after
Heap after GC invocations=40 (full 3):
 PSYoungGen      total 137216K, used 0K [0x00000000f5580000, 0x0000000100000000, 0x0000000100000000)
  eden space 99840K, 0% used [0x00000000f5580000,0x00000000f5580000,0x00000000fb700000)
  from space 37376K, 0% used [0x00000000fb700000,0x00000000fb700000,0x00000000fdb80000)
  to   space 36864K, 0% used [0x00000000fdc00000,0x00000000fdc00000,0x0000000100000000)
 ParOldGen       total 260608K, used 50205K [0x00000000e0000000, 0x00000000efe80000, 0x00000000f5580000)
  object space 260608K, 19% used [0x00000000e0000000,0x00000000e3107790,0x00000000efe80000)
 Metaspace       used 53709K, capacity 57800K, committed 58316K, reserved 1099776K
  class space    used 7762K, capacity 8398K, committed 8448K, reserved 1048576K
}
Event: 588.137 GC heap before
{Heap before GC invocations=41 (full 3):
 PSYoungGen      total 137216K, used 99840K [0x00000000f5580000, 0x0000000100000000, 0x0000000100000000)
  eden space 99840K, 100% used [0x00000000f5580000,0x00000000fb700000,0x00000000fb700000)
  from space 37376K, 0% used [0x00000000fb700000,0x00000000fb700000,0x00000000fdb80000)
  to   space 36864K, 0% used [0x00000000fdc00000,0x00000000fdc00000,0x0000000100000000)
 ParOldGen       total 260608K, used 50205K [0x00000000e0000000, 0x00000000efe80000, 0x00000000f5580000)
  object space 260608K, 19% used [0x00000000e0000000,0x00000000e3107790,0x00000000efe80000)
 Metaspace       used 56786K, capacity 61016K, committed 61516K, reserved 1101824K
  class space    used 8111K, capacity 8788K, committed 8832K, reserved 1048576K
Event: 588.148 GC heap after
Heap after GC invocations=41 (full 3):
 PSYoungGen      total 132608K, used 14579K [0x00000000f5580000, 0x00000000ffb80000, 0x0000000100000000)
  eden space 100352K, 0% used [0x00000000f5580000,0x00000000f5580000,0x00000000fb780000)
  from space 32256K, 45% used [0x00000000fdc00000,0x00000000fea3cca8,0x00000000ffb80000)
  to   space 34816K, 0% used [0x00000000fb780000,0x00000000fb780000,0x00000000fd980000)
 ParOldGen       total 260608K, used 50213K [0x00000000e0000000, 0x00000000efe80000, 0x00000000f5580000)
  object space 260608K, 19% used [0x00000000e0000000,0x00000000e3109790,0x00000000efe80000)
 Metaspace       used 56786K, capacity 61016K, committed 61516K, reserved 1101824K
  class space    used 8111K, capacity 8788K, committed 8832K, reserved 1048576K
}
Event: 589.377 GC heap before
{Heap before GC invocations=42 (full 3):
 PSYoungGen      total 132608K, used 114931K [0x00000000f5580000, 0x00000000ffb80000, 0x0000000100000000)
  eden space 100352K, 100% used [0x00000000f5580000,0x00000000fb780000,0x00000000fb780000)
  from space 32256K, 45% used [0x00000000fdc00000,0x00000000fea3cca8,0x00000000ffb80000)
  to   space 34816K, 0% used [0x00000000fb780000,0x00000000fb780000,0x00000000fd980000)
 ParOldGen       total 260608K, used 50213K [0x00000000e0000000, 0x00000000efe80000, 0x00000000f5580000)
  object space 260608K, 19% used [0x00000000e0000000,0x00000000e3109790,0x00000000efe80000)
 Metaspace       used 58348K, capacity 62676K, committed 63052K, reserved 1103872K
  class space    used 8301K, capacity 9036K, committed 9088K, reserved 1048576K
Event: 589.388 GC heap after
Heap after GC invocations=42 (full 3):
 PSYoungGen      total 135168K, used 16882K [0x00000000f5580000, 0x0000000100000000, 0x0000000100000000)
  eden space 100352K, 0% used [0x00000000f5580000,0x00000000f5580000,0x00000000fb780000)
  from space 34816K, 48% used [0x00000000fb780000,0x00000000fc7fc808,0x00000000fd980000)
  to   space 33792K, 0% used [0x00000000fdf00000,0x00000000fdf00000,0x0000000100000000)
 ParOldGen       total 260608K, used 50221K [0x00000000e0000000, 0x00000000efe80000, 0x00000000f5580000)
  object space 260608K, 19% used [0x00000000e0000000,0x00000000e310b790,0x00000000efe80000)
 Metaspace       used 58348K, capacity 62676K, committed 63052K, reserved 1103872K
  class space    used 8301K, capacity 9036K, committed 9088K, reserved 1048576K
}

