# JRE version: Java(TM) SE Runtime Environment 18.9 (11.0.12+8) (build 11.0.12+8-LTS-237)
# Java VM: Java HotSpot(TM) 64-Bit Server VM 18.9 (11.0.12+8-LTS-237, mixed mode, tiered, compressed oops, g1 gc, windows-amd64)
Heap:
 garbage-first heap   total 260096K, used 122049K [0x0000000702800000, 0x0000000800000000)
  region size 1024K, 107 young (109568K), 11 survivors (11264K)
 Metaspace       used 65531K, capacity 67341K, committed 67404K, reserved 1107968K
  class space    used 8260K, capacity 8991K, committed 9036K, reserved 1048576K
GC Heap History (10 events):
Event: 9.415 GC heap before
{Heap before GC invocations=4 (full 0):
 garbage-first heap   total 260096K, used 119153K [0x0000000702800000, 0x0000000800000000)
  region size 1024K, 111 young (113664K), 5 survivors (5120K)
 Metaspace       used 30376K, capacity 31234K, committed 31488K, reserved 1077248K
  class space    used 3456K, capacity 3795K, committed 3840K, reserved 1048576K
}
Event: 9.426 GC heap after
{Heap after GC invocations=5 (full 0):
 garbage-first heap   total 260096K, used 14460K [0x0000000702800000, 0x0000000800000000)
  region size 1024K, 8 young (8192K), 8 survivors (8192K)
 Metaspace       used 30376K, capacity 31234K, committed 31488K, reserved 1077248K
  class space    used 3456K, capacity 3795K, committed 3840K, reserved 1048576K
}
Event: 11.950 GC heap before
{Heap before GC invocations=5 (full 0):
 garbage-first heap   total 260096K, used 61564K [0x0000000702800000, 0x0000000800000000)
  region size 1024K, 55 young (56320K), 8 survivors (8192K)
 Metaspace       used 34745K, capacity 35731K, committed 35840K, reserved 1081344K
  class space    used 4054K, capacity 4426K, committed 4480K, reserved 1048576K
}
Event: 11.964 GC heap after
{Heap after GC invocations=6 (full 0):
 garbage-first heap   total 260096K, used 16311K [0x0000000702800000, 0x0000000800000000)
  region size 1024K, 10 young (10240K), 10 survivors (10240K)
 Metaspace       used 34745K, capacity 35731K, committed 35840K, reserved 1081344K
  class space    used 4054K, capacity 4426K, committed 4480K, reserved 1048576K
}
Event: 15.756 GC heap before
{Heap before GC invocations=7 (full 0):
 garbage-first heap   total 260096K, used 160695K [0x0000000702800000, 0x0000000800000000)
  region size 1024K, 152 young (155648K), 10 survivors (10240K)
 Metaspace       used 41307K, capacity 42567K, committed 42752K, reserved 1087488K
  class space    used 4880K, capacity 5360K, committed 5376K, reserved 1048576K
}
Event: 15.776 GC heap after
{Heap after GC invocations=8 (full 0):
 garbage-first heap   total 260096K, used 19447K [0x0000000702800000, 0x0000000800000000)
  region size 1024K, 13 young (13312K), 13 survivors (13312K)
 Metaspace       used 41307K, capacity 42567K, committed 42752K, reserved 1087488K
  class space    used 4880K, capacity 5360K, committed 5376K, reserved 1048576K
}
Event: 20.249 GC heap before
{Heap before GC invocations=8 (full 0):
 garbage-first heap   total 260096K, used 161783K [0x0000000702800000, 0x0000000800000000)
  region size 1024K, 152 young (155648K), 13 survivors (13312K)
 Metaspace       used 58003K, capacity 59558K, committed 59776K, reserved 1101824K
  class space    used 7317K, capacity 7962K, committed 8064K, reserved 1048576K
}
Event: 20.269 GC heap after
{Heap after GC invocations=9 (full 0):
 garbage-first heap   total 260096K, used 23932K [0x0000000702800000, 0x0000000800000000)
  region size 1024K, 13 young (13312K), 13 survivors (13312K)
 Metaspace       used 58003K, capacity 59558K, committed 59776K, reserved 1101824K
  class space    used 7317K, capacity 7962K, committed 8064K, reserved 1048576K
}
Event: 20.396 GC heap before
{Heap before GC invocations=9 (full 0):
 garbage-first heap   total 260096K, used 28028K [0x0000000702800000, 0x0000000800000000)
  region size 1024K, 18 young (18432K), 13 survivors (13312K)
 Metaspace       used 58524K, capacity 60132K, committed 60160K, reserved 1101824K
  class space    used 7397K, capacity 8046K, committed 8064K, reserved 1048576K
}
Event: 20.414 GC heap after
{Heap after GC invocations=10 (full 0):
 garbage-first heap   total 260096K, used 24769K [0x0000000702800000, 0x0000000800000000)
  region size 1024K, 11 young (11264K), 11 survivors (11264K)
 Metaspace       used 58524K, capacity 60132K, committed 60160K, reserved 1101824K
  class space    used 7397K, capacity 8046K, committed 8064K, reserved 1048576K
}

